<?xml version="1.0" encoding="UTF-8"?>
<!-- Generated by org.testng.reporters.JUnitReportReporter -->
<testsuite hostname="LAPTOP-UN5I8D3I" failures="0" tests="2" name="steps.Annotations" time="0.005" errors="0" timestamp="2023-10-13T17:44:07 IST" skipped="0">
  <testcase classname="steps.Annotations" name="Test1" time="0.004"/>
  <system-out/>
  <testcase classname="steps.Annotations" name="Test2" time="0.001"/>
  <system-out/>
</testsuite> <!-- steps.Annotations -->
