<?xml version="1.0" encoding="UTF-8"?>
<!-- Generated by org.testng.reporters.JUnitReportReporter -->
<testsuite hostname="LAPTOP-UN5I8D3I" failures="0" tests="4" name="PARA_Bank.Registration" time="57.300" errors="0" timestamp="2023-10-26T17:57:00 IST" skipped="0">
  <testcase classname="PARA_Bank.Registration" name="Test_Registration" time="15.250"/>
  <system-out/>
  <testcase classname="PARA_Bank.Registration" name="Test_Registration" time="19.517"/>
  <system-out/>
  <testcase classname="PARA_Bank.Registration" name="Test_Login" time="12.158"/>
  <system-out/>
  <testcase classname="PARA_Bank.Registration" name="Test_Login" time="10.375"/>
  <system-out/>
</testsuite> <!-- PARA_Bank.Registration -->
