<?xml version="1.0" encoding="UTF-8"?>
<!-- Generated by org.testng.reporters.JUnitReportReporter -->
<testsuite hostname="LAPTOP-UN5I8D3I" failures="0" tests="1" name="steps.Dummy" time="11.569" errors="0" timestamp="2023-10-10T17:07:48 IST" skipped="0">
  <testcase classname="steps.Dummy" name="SwagLabs" time="11.569"/>
  <system-out/>
</testsuite> <!-- steps.Dummy -->
