<?xml version="1.0" encoding="UTF-8"?>
<!-- Generated by org.testng.reporters.JUnitReportReporter -->
<testsuite hostname="LAPTOP-UN5I8D3I" failures="0" tests="1" name="steps.swaglab" time="9.855" errors="0" timestamp="2023-10-10T17:42:35 IST" skipped="0">
  <testcase classname="steps.swaglab" name="Runswaglab" time="9.855"/>
  <system-out/>
</testsuite> <!-- steps.swaglab -->
